# JRE version: OpenJDK Runtime Environment Temurin-21.0.10+7 (21.0.10+7) (build 21.0.10+7-LTS)
# Java VM: OpenJDK 64-Bit Server VM Temurin-21.0.10+7 (21.0.10+7-LTS, mixed mode, sharing, tiered, compressed oops, compressed class ptrs, parallel gc, windows-amd64)
GC Precious Log:
 CardTable entry size: 512
 CPUs: 16 total, 16 available
 Memory: 16068M
 Large Page Support: Disabled
 NUMA Support: Disabled
 Compressed Oops: Enabled (32-bit)
 Alignments: Space 512K, Generation 512K, Heap 2M
 Heap Min Capacity: 100M
 Heap Initial Capacity: 100M
 Heap Max Capacity: 2G
 Pre-touch: Disabled
 Parallel Workers: 13
Heap:
 PSYoungGen      total 11776K, used 8891K [0x00000000d5580000, 0x00000000d6700000, 0x0000000100000000)
  eden space 11264K, 77% used [0x00000000d5580000,0x00000000d5e0ed80,0x00000000d6080000)
  from space 512K, 25% used [0x00000000d6680000,0x00000000d66a0000,0x00000000d6700000)
  to   space 512K, 0% used [0x00000000d6600000,0x00000000d6600000,0x00000000d6680000)
 ParOldGen       total 75776K, used 75646K [0x0000000080000000, 0x0000000084a00000, 0x00000000d5580000)
  object space 75776K, 99% used [0x0000000080000000,0x00000000849df8c8,0x0000000084a00000)
 Metaspace       used 71720K, committed 73280K, reserved 1114112K
  class space    used 8369K, committed 9088K, reserved 1048576K
GC Heap History (20 events):
Event: 89437.853 GC heap before
{Heap before GC invocations=218 (full 3):
 PSYoungGen      total 11776K, used 11392K [0x00000000d5580000, 0x00000000d6700000, 0x0000000100000000)
  eden space 11264K, 100% used [0x00000000d5580000,0x00000000d6080000,0x00000000d6080000)
  from space 512K, 25% used [0x00000000d6680000,0x00000000d66a0000,0x00000000d6700000)
  to   space 512K, 0% used [0x00000000d6600000,0x00000000d6600000,0x00000000d6680000)
 ParOldGen       total 75776K, used 75622K [0x0000000080000000, 0x0000000084a00000, 0x00000000d5580000)
  object space 75776K, 99% used [0x0000000080000000,0x00000000849d98c8,0x0000000084a00000)
 Metaspace       used 71720K, committed 73280K, reserved 1114112K
  class space    used 8369K, committed 9088K, reserved 1048576K
}
Event: 89437.854 GC heap after
{Heap after GC invocations=218 (full 3):
 PSYoungGen      total 11776K, used 128K [0x00000000d5580000, 0x00000000d6700000, 0x0000000100000000)
  eden space 11264K, 0% used [0x00000000d5580000,0x00000000d5580000,0x00000000d6080000)
  from space 512K, 25% used [0x00000000d6600000,0x00000000d6620000,0x00000000d6680000)
  to   space 512K, 0% used [0x00000000d6680000,0x00000000d6680000,0x00000000d6700000)
 ParOldGen       total 75776K, used 75622K [0x0000000080000000, 0x0000000084a00000, 0x00000000d5580000)
  object space 75776K, 99% used [0x0000000080000000,0x00000000849d98c8,0x0000000084a00000)
 Metaspace       used 71720K, committed 73280K, reserved 1114112K
  class space    used 8369K, committed 9088K, reserved 1048576K
}
Event: 89437.934 GC heap before
{Heap before GC invocations=219 (full 3):
 PSYoungGen      total 11776K, used 11392K [0x00000000d5580000, 0x00000000d6700000, 0x0000000100000000)
  eden space 11264K, 100% used [0x00000000d5580000,0x00000000d6080000,0x00000000d6080000)
  from space 512K, 25% used [0x00000000d6600000,0x00000000d6620000,0x00000000d6680000)
  to   space 512K, 0% used [0x00000000d6680000,0x00000000d6680000,0x00000000d6700000)
 ParOldGen       total 75776K, used 75622K [0x0000000080000000, 0x0000000084a00000, 0x00000000d5580000)
  object space 75776K, 99% used [0x0000000080000000,0x00000000849d98c8,0x0000000084a00000)
 Metaspace       used 71720K, committed 73280K, reserved 1114112K
  class space    used 8369K, committed 9088K, reserved 1048576K
}
Event: 89437.935 GC heap after
{Heap after GC invocations=219 (full 3):
 PSYoungGen      total 11776K, used 192K [0x00000000d5580000, 0x00000000d6700000, 0x0000000100000000)
  eden space 11264K, 0% used [0x00000000d5580000,0x00000000d5580000,0x00000000d6080000)
  from space 512K, 37% used [0x00000000d6680000,0x00000000d66b0000,0x00000000d6700000)
  to   space 512K, 0% used [0x00000000d6600000,0x00000000d6600000,0x00000000d6680000)
 ParOldGen       total 75776K, used 75622K [0x0000000080000000, 0x0000000084a00000, 0x00000000d5580000)
  object space 75776K, 99% used [0x0000000080000000,0x00000000849d98c8,0x0000000084a00000)
 Metaspace       used 71720K, committed 73280K, reserved 1114112K
  class space    used 8369K, committed 9088K, reserved 1048576K
}
Event: 89438.046 GC heap before
{Heap before GC invocations=220 (full 3):
 PSYoungGen      total 11776K, used 11456K [0x00000000d5580000, 0x00000000d6700000, 0x0000000100000000)
  eden space 11264K, 100% used [0x00000000d5580000,0x00000000d6080000,0x00000000d6080000)
  from space 512K, 37% used [0x00000000d6680000,0x00000000d66b0000,0x00000000d6700000)
  to   space 512K, 0% used [0x00000000d6600000,0x00000000d6600000,0x00000000d6680000)
 ParOldGen       total 75776K, used 75622K [0x0000000080000000, 0x0000000084a00000, 0x00000000d5580000)
  object space 75776K, 99% used [0x0000000080000000,0x00000000849d98c8,0x0000000084a00000)
 Metaspace       used 71720K, committed 73280K, reserved 1114112K
  class space    used 8369K, committed 9088K, reserved 1048576K
}
Event: 89438.047 GC heap after
{Heap after GC invocations=220 (full 3):
 PSYoungGen      total 11776K, used 192K [0x00000000d5580000, 0x00000000d6700000, 0x0000000100000000)
  eden space 11264K, 0% used [0x00000000d5580000,0x00000000d5580000,0x00000000d6080000)
  from space 512K, 37% used [0x00000000d6600000,0x00000000d6630000,0x00000000d6680000)
  to   space 512K, 0% used [0x00000000d6680000,0x00000000d6680000,0x00000000d6700000)
 ParOldGen       total 75776K, used 75622K [0x0000000080000000, 0x0000000084a00000, 0x00000000d5580000)
  object space 75776K, 99% used [0x0000000080000000,0x00000000849d98c8,0x0000000084a00000)
 Metaspace       used 71720K, committed 73280K, reserved 1114112K
  class space    used 8369K, committed 9088K, reserved 1048576K
}
Event: 89438.270 GC heap before
{Heap before GC invocations=221 (full 3):
 PSYoungGen      total 11776K, used 11456K [0x00000000d5580000, 0x00000000d6700000, 0x0000000100000000)
  eden space 11264K, 100% used [0x00000000d5580000,0x00000000d6080000,0x00000000d6080000)
  from space 512K, 37% used [0x00000000d6600000,0x00000000d6630000,0x00000000d6680000)
  to   space 512K, 0% used [0x00000000d6680000,0x00000000d6680000,0x00000000d6700000)
 ParOldGen       total 75776K, used 75622K [0x0000000080000000, 0x0000000084a00000, 0x00000000d5580000)
  object space 75776K, 99% used [0x0000000080000000,0x00000000849d98c8,0x0000000084a00000)
 Metaspace       used 71720K, committed 73280K, reserved 1114112K
  class space    used 8369K, committed 9088K, reserved 1048576K
}
Event: 89438.271 GC heap after
{Heap after GC invocations=221 (full 3):
 PSYoungGen      total 11776K, used 128K [0x00000000d5580000, 0x00000000d6700000, 0x0000000100000000)
  eden space 11264K, 0% used [0x00000000d5580000,0x00000000d5580000,0x00000000d6080000)
  from space 512K, 25% used [0x00000000d6680000,0x00000000d66a0000,0x00000000d6700000)
  to   space 512K, 0% used [0x00000000d6600000,0x00000000d6600000,0x00000000d6680000)
 ParOldGen       total 75776K, used 75622K [0x0000000080000000, 0x0000000084a00000, 0x00000000d5580000)
  object space 75776K, 99% used [0x0000000080000000,0x00000000849d98c8,0x0000000084a00000)
 Metaspace       used 71720K, committed 73280K, reserved 1114112K
  class space    used 8369K, committed 9088K, reserved 1048576K
}
Event: 89438.484 GC heap before
{Heap before GC invocations=222 (full 3):
 PSYoungGen      total 11776K, used 11392K [0x00000000d5580000, 0x00000000d6700000, 0x0000000100000000)
  eden space 11264K, 100% used [0x00000000d5580000,0x00000000d6080000,0x00000000d6080000)
  from space 512K, 25% used [0x00000000d6680000,0x00000000d66a0000,0x00000000d6700000)
  to   space 512K, 0% used [0x00000000d6600000,0x00000000d6600000,0x00000000d6680000)
 ParOldGen       total 75776K, used 75622K [0x0000000080000000, 0x0000000084a00000, 0x00000000d5580000)
  object space 75776K, 99% used [0x0000000080000000,0x00000000849d98c8,0x0000000084a00000)
 Metaspace       used 71720K, committed 73280K, reserved 1114112K
  class space    used 8369K, committed 9088K, reserved 1048576K
}
Event: 89438.484 GC heap after
{Heap after GC invocations=222 (full 3):
 PSYoungGen      total 11776K, used 128K [0x00000000d5580000, 0x00000000d6700000, 0x0000000100000000)
  eden space 11264K, 0% used [0x00000000d5580000,0x00000000d5580000,0x00000000d6080000)
  from space 512K, 25% used [0x00000000d6600000,0x00000000d6620000,0x00000000d6680000)
  to   space 512K, 0% used [0x00000000d6680000,0x00000000d6680000,0x00000000d6700000)
 ParOldGen       total 75776K, used 75622K [0x0000000080000000, 0x0000000084a00000, 0x00000000d5580000)
  object space 75776K, 99% used [0x0000000080000000,0x00000000849d98c8,0x0000000084a00000)
 Metaspace       used 71720K, committed 73280K, reserved 1114112K
  class space    used 8369K, committed 9088K, reserved 1048576K
}
Event: 89438.872 GC heap before
{Heap before GC invocations=223 (full 3):
 PSYoungGen      total 11776K, used 11392K [0x00000000d5580000, 0x00000000d6700000, 0x0000000100000000)
  eden space 11264K, 100% used [0x00000000d5580000,0x00000000d6080000,0x00000000d6080000)
  from space 512K, 25% used [0x00000000d6600000,0x00000000d6620000,0x00000000d6680000)
  to   space 512K, 0% used [0x00000000d6680000,0x00000000d6680000,0x00000000d6700000)
 ParOldGen       total 75776K, used 75622K [0x0000000080000000, 0x0000000084a00000, 0x00000000d5580000)
  object space 75776K, 99% used [0x0000000080000000,0x00000000849d98c8,0x0000000084a00000)
 Metaspace       used 71720K, committed 73280K, reserved 1114112K
  class space    used 8369K, committed 9088K, reserved 1048576K
}
Event: 89438.873 GC heap after
{Heap after GC invocations=223 (full 3):
 PSYoungGen      total 11776K, used 128K [0x00000000d5580000, 0x00000000d6700000, 0x0000000100000000)
  eden space 11264K, 0% used [0x00000000d5580000,0x00000000d5580000,0x00000000d6080000)
  from space 512K, 25% used [0x00000000d6680000,0x00000000d66a0000,0x00000000d6700000)
  to   space 512K, 0% used [0x00000000d6600000,0x00000000d6600000,0x00000000d6680000)
 ParOldGen       total 75776K, used 75622K [0x0000000080000000, 0x0000000084a00000, 0x00000000d5580000)
  object space 75776K, 99% used [0x0000000080000000,0x00000000849d98c8,0x0000000084a00000)
 Metaspace       used 71720K, committed 73280K, reserved 1114112K
  class space    used 8369K, committed 9088K, reserved 1048576K
}
Event: 89439.279 GC heap before
{Heap before GC invocations=224 (full 3):
 PSYoungGen      total 11776K, used 11392K [0x00000000d5580000, 0x00000000d6700000, 0x0000000100000000)
  eden space 11264K, 100% used [0x00000000d5580000,0x00000000d6080000,0x00000000d6080000)
  from space 512K, 25% used [0x00000000d6680000,0x00000000d66a0000,0x00000000d6700000)
  to   space 512K, 0% used [0x00000000d6600000,0x00000000d6600000,0x00000000d6680000)
 ParOldGen       total 75776K, used 75622K [0x0000000080000000, 0x0000000084a00000, 0x00000000d5580000)
  object space 75776K, 99% used [0x0000000080000000,0x00000000849d98c8,0x0000000084a00000)
 Metaspace       used 71720K, committed 73280K, reserved 1114112K
  class space    used 8369K, committed 9088K, reserved 1048576K
}
Event: 89439.280 GC heap after
{Heap after GC invocations=224 (full 3):
 PSYoungGen      total 11776K, used 128K [0x00000000d5580000, 0x00000000d6700000, 0x0000000100000000)
  eden space 11264K, 0% used [0x00000000d5580000,0x00000000d5580000,0x00000000d6080000)
  from space 512K, 25% used [0x00000000d6600000,0x00000000d6620000,0x00000000d6680000)
  to   space 512K, 0% used [0x00000000d6680000,0x00000000d6680000,0x00000000d6700000)
 ParOldGen       total 75776K, used 75630K [0x0000000080000000, 0x0000000084a00000, 0x00000000d5580000)
  object space 75776K, 99% used [0x0000000080000000,0x00000000849db8c8,0x0000000084a00000)
 Metaspace       used 71720K, committed 73280K, reserved 1114112K
  class space    used 8369K, committed 9088K, reserved 1048576K
}
Event: 89439.501 GC heap before
{Heap before GC invocations=225 (full 3):
 PSYoungGen      total 11776K, used 11392K [0x00000000d5580000, 0x00000000d6700000, 0x0000000100000000)
  eden space 11264K, 100% used [0x00000000d5580000,0x00000000d6080000,0x00000000d6080000)
  from space 512K, 25% used [0x00000000d6600000,0x00000000d6620000,0x00000000d6680000)
  to   space 512K, 0% used [0x00000000d6680000,0x00000000d6680000,0x00000000d6700000)
 ParOldGen       total 75776K, used 75630K [0x0000000080000000, 0x0000000084a00000, 0x00000000d5580000)
  object space 75776K, 99% used [0x0000000080000000,0x00000000849db8c8,0x0000000084a00000)
 Metaspace       used 71720K, committed 73280K, reserved 1114112K
  class space    used 8369K, committed 9088K, reserved 1048576K
}
Event: 89439.502 GC heap after
{Heap after GC invocations=225 (full 3):
 PSYoungGen      total 11776K, used 160K [0x00000000d5580000, 0x00000000d6700000, 0x0000000100000000)
  eden space 11264K, 0% used [0x00000000d5580000,0x00000000d5580000,0x00000000d6080000)
  from space 512K, 31% used [0x00000000d6680000,0x00000000d66a8000,0x00000000d6700000)
  to   space 512K, 0% used [0x00000000d6600000,0x00000000d6600000,0x00000000d6680000)
 ParOldGen       total 75776K, used 75646K [0x0000000080000000, 0x0000000084a00000, 0x00000000d5580000)
  object space 75776K, 99% used [0x0000000080000000,0x00000000849df8c8,0x0000000084a00000)
 Metaspace       used 71720K, committed 73280K, reserved 1114112K
  class space    used 8369K, committed 9088K, reserved 1048576K
}
Event: 89439.718 GC heap before
{Heap before GC invocations=226 (full 3):
 PSYoungGen      total 11776K, used 11424K [0x00000000d5580000, 0x00000000d6700000, 0x0000000100000000)
  eden space 11264K, 100% used [0x00000000d5580000,0x00000000d6080000,0x00000000d6080000)
  from space 512K, 31% used [0x00000000d6680000,0x00000000d66a8000,0x00000000d6700000)
  to   space 512K, 0% used [0x00000000d6600000,0x00000000d6600000,0x00000000d6680000)
 ParOldGen       total 75776K, used 75646K [0x0000000080000000, 0x0000000084a00000, 0x00000000d5580000)
  object space 75776K, 99% used [0x0000000080000000,0x00000000849df8c8,0x0000000084a00000)
 Metaspace       used 71720K, committed 73280K, reserved 1114112K
  class space    used 8369K, committed 9088K, reserved 1048576K
}
Event: 89439.719 GC heap after
{Heap after GC invocations=226 (full 3):
 PSYoungGen      total 11776K, used 96K [0x00000000d5580000, 0x00000000d6700000, 0x0000000100000000)
  eden space 11264K, 0% used [0x00000000d5580000,0x00000000d5580000,0x00000000d6080000)
  from space 512K, 18% used [0x00000000d6600000,0x00000000d6618000,0x00000000d6680000)
  to   space 512K, 0% used [0x00000000d6680000,0x00000000d6680000,0x00000000d6700000)
 ParOldGen       total 75776K, used 75646K [0x0000000080000000, 0x0000000084a00000, 0x00000000d5580000)
  object space 75776K, 99% used [0x0000000080000000,0x00000000849df8c8,0x0000000084a00000)
 Metaspace       used 71720K, committed 73280K, reserved 1114112K
  class space    used 8369K, committed 9088K, reserved 1048576K
}
Event: 89439.962 GC heap before
{Heap before GC invocations=227 (full 3):
 PSYoungGen      total 11776K, used 11360K [0x00000000d5580000, 0x00000000d6700000, 0x0000000100000000)
  eden space 11264K, 100% used [0x00000000d5580000,0x00000000d6080000,0x00000000d6080000)
  from space 512K, 18% used [0x00000000d6600000,0x00000000d6618000,0x00000000d6680000)
  to   space 512K, 0% used [0x00000000d6680000,0x00000000d6680000,0x00000000d6700000)
 ParOldGen       total 75776K, used 75646K [0x0000000080000000, 0x0000000084a00000, 0x00000000d5580000)
  object space 75776K, 99% used [0x0000000080000000,0x00000000849df8c8,0x0000000084a00000)
 Metaspace       used 71720K, committed 73280K, reserved 1114112K
  class space    used 8369K, committed 9088K, reserved 1048576K
}
Event: 89439.963 GC heap after
{Heap after GC invocations=227 (full 3):
 PSYoungGen      total 11776K, used 128K [0x00000000d5580000, 0x00000000d6700000, 0x0000000100000000)
  eden space 11264K, 0% used [0x00000000d5580000,0x00000000d5580000,0x00000000d6080000)
  from space 512K, 25% used [0x00000000d6680000,0x00000000d66a0000,0x00000000d6700000)
  to   space 512K, 0% used [0x00000000d6600000,0x00000000d6600000,0x00000000d6680000)
 ParOldGen       total 75776K, used 75646K [0x0000000080000000, 0x0000000084a00000, 0x00000000d5580000)
  object space 75776K, 99% used [0x0000000080000000,0x00000000849df8c8,0x0000000084a00000)
 Metaspace       used 71720K, committed 73280K, reserved 1114112K
  class space    used 8369K, committed 9088K, reserved 1048576K
}

